2017-08-06 09:36:10,298 - Log4JLogChute initialized using file 'velocity.log'
2017-08-06 09:36:10,299 - *******************************************************************
2017-08-06 09:36:10,299 - Starting Apache Velocity v1.6.4 (compiled: 2010-08-03 14:27:21)
2017-08-06 09:36:10,299 - RuntimeInstance initializing.
2017-08-06 09:36:10,299 - Default Properties File: org/apache/velocity/runtime/defaults/velocity.properties
2017-08-06 09:36:10,299 - Trying to use logger class org.apache.velocity.runtime.log.AvalonLogChute
2017-08-06 09:36:10,299 - Target log system for org.apache.velocity.runtime.log.AvalonLogChute is not available (java.lang.NoClassDefFoundError: org/apache/log/format/Formatter).  Falling back to next log system...
2017-08-06 09:36:10,299 - Trying to use logger class org.apache.velocity.runtime.log.Log4JLogChute
2017-08-06 09:36:10,299 - Using logger class org.apache.velocity.runtime.log.Log4JLogChute
2017-08-06 09:36:10,305 - Default ResourceManager initializing. (class org.apache.velocity.runtime.resource.ResourceManagerImpl)
2017-08-06 09:36:10,308 - ResourceLoader instantiated: org.apache.velocity.runtime.resource.loader.ClasspathResourceLoader
2017-08-06 09:36:10,309 - ClasspathResourceLoader : initialization complete.
2017-08-06 09:36:10,330 - ResourceCache: initialized (class org.apache.velocity.runtime.resource.ResourceCacheImpl) with class java.util.Collections$SynchronizedMap cache map.
2017-08-06 09:36:10,331 - Default ResourceManager initialization complete.
2017-08-06 09:36:10,333 - Loaded System Directive: org.apache.velocity.runtime.directive.Define
2017-08-06 09:36:10,334 - Loaded System Directive: org.apache.velocity.runtime.directive.Break
2017-08-06 09:36:10,335 - Loaded System Directive: org.apache.velocity.runtime.directive.Evaluate
2017-08-06 09:36:10,337 - Loaded System Directive: org.apache.velocity.runtime.directive.Literal
2017-08-06 09:36:10,338 - Loaded System Directive: org.apache.velocity.runtime.directive.Macro
2017-08-06 09:36:10,340 - Loaded System Directive: org.apache.velocity.runtime.directive.Parse
2017-08-06 09:36:10,342 - Loaded System Directive: org.apache.velocity.runtime.directive.Include
2017-08-06 09:36:10,343 - Loaded System Directive: org.apache.velocity.runtime.directive.Foreach
2017-08-06 09:36:10,347 - Velocity was not initialized! Calling init()...
2017-08-06 09:36:10,392 - Velocity was not initialized! Calling init()...
2017-08-06 09:36:10,392 - Velocity was not initialized! Calling init()...
2017-08-06 09:36:10,392 - Velocity was not initialized! Calling init()...
2017-08-06 09:36:10,393 - Velocity was not initialized! Calling init()...
2017-08-06 09:36:10,393 - Velocity was not initialized! Calling init()...
2017-08-06 09:36:10,394 - Velocity was not initialized! Calling init()...
2017-08-06 09:36:10,394 - Velocity was not initialized! Calling init()...
2017-08-06 09:36:10,395 - Velocity was not initialized! Calling init()...
2017-08-06 09:36:10,395 - Velocity was not initialized! Calling init()...
2017-08-06 09:36:10,395 - Velocity was not initialized! Calling init()...
2017-08-06 09:36:10,396 - Velocity was not initialized! Calling init()...
2017-08-06 09:36:10,396 - Velocity was not initialized! Calling init()...
2017-08-06 09:36:10,396 - Velocity was not initialized! Calling init()...
2017-08-06 09:36:10,397 - Velocity was not initialized! Calling init()...
2017-08-06 09:36:10,397 - Velocity was not initialized! Calling init()...
2017-08-06 09:36:10,397 - Velocity was not initialized! Calling init()...
2017-08-06 09:36:10,398 - Velocity was not initialized! Calling init()...
2017-08-06 09:36:10,398 - Velocity was not initialized! Calling init()...
2017-08-06 09:36:10,399 - Velocity was not initialized! Calling init()...
2017-08-06 09:36:10,399 - Created '20' parsers.
2017-08-06 09:36:10,640 - Velocimacro : initialization starting.
2017-08-06 09:36:10,641 - Velocimacro : "velocimacro.library" is not set.  Trying default library: VM_global_library.vm
2017-08-06 09:36:10,641 - Velocity was not initialized! Calling init()...
2017-08-06 09:36:10,642 - Could not load resource 'VM_global_library.vm' from ResourceLoader org.apache.velocity.runtime.resource.loader.ClasspathResourceLoader: 
org.apache.velocity.exception.ResourceNotFoundException: ClasspathResourceLoader Error: cannot find resource VM_global_library.vm
	at org.apache.velocity.runtime.resource.loader.ClasspathResourceLoader.getResourceStream(ClasspathResourceLoader.java:131)
	at org.apache.velocity.runtime.resource.loader.ResourceLoader.resourceExists(ResourceLoader.java:224)
	at org.apache.velocity.runtime.resource.ResourceManagerImpl.getLoaderForResource(ResourceManagerImpl.java:641)
	at org.apache.velocity.runtime.resource.ResourceManagerImpl.getLoaderNameForResource(ResourceManagerImpl.java:624)
	at org.apache.velocity.runtime.RuntimeInstance.getLoaderNameForResource(RuntimeInstance.java:1464)
	at org.apache.velocity.runtime.VelocimacroFactory.initVelocimacro(VelocimacroFactory.java:159)
	at org.apache.velocity.runtime.RuntimeInstance.init(RuntimeInstance.java:261)
	at org.apache.velocity.runtime.RuntimeSingleton.init(RuntimeSingleton.java:114)
	at org.apache.velocity.app.Velocity.init(Velocity.java:79)
	at uk.ac.warwick.dcs.boss.frontend.PageDispatcherServlet.init(PageDispatcherServlet.java:170)
	at javax.servlet.GenericServlet.init(GenericServlet.java:158)
	at org.apache.catalina.core.StandardWrapper.initServlet(StandardWrapper.java:1269)
	at org.apache.catalina.core.StandardWrapper.loadServlet(StandardWrapper.java:1182)
	at org.apache.catalina.core.StandardWrapper.allocate(StandardWrapper.java:853)
	at org.apache.catalina.core.StandardWrapperValve.invoke(StandardWrapperValve.java:134)
	at org.apache.catalina.core.StandardContextValve.invoke(StandardContextValve.java:110)
	at org.apache.catalina.authenticator.AuthenticatorBase.invoke(AuthenticatorBase.java:506)
	at org.apache.catalina.core.StandardHostValve.invoke(StandardHostValve.java:169)
	at org.apache.catalina.valves.ErrorReportValve.invoke(ErrorReportValve.java:103)
	at org.apache.catalina.valves.AccessLogValve.invoke(AccessLogValve.java:962)
	at org.apache.catalina.core.StandardEngineValve.invoke(StandardEngineValve.java:116)
	at org.apache.catalina.connector.CoyoteAdapter.service(CoyoteAdapter.java:445)
	at org.apache.coyote.http11.AbstractHttp11Processor.process(AbstractHttp11Processor.java:1115)
	at org.apache.coyote.AbstractProtocol$AbstractConnectionHandler.process(AbstractProtocol.java:637)
	at org.apache.tomcat.util.net.JIoEndpoint$SocketProcessor.run(JIoEndpoint.java:316)
	at java.util.concurrent.ThreadPoolExecutor.runWorker(ThreadPoolExecutor.java:1142)
	at java.util.concurrent.ThreadPoolExecutor$Worker.run(ThreadPoolExecutor.java:617)
	at org.apache.tomcat.util.threads.TaskThread$WrappingRunnable.run(TaskThread.java:61)
	at java.lang.Thread.run(Thread.java:745)
2017-08-06 09:36:10,644 - Velocimacro : Default library not found.
2017-08-06 09:36:10,644 - Velocimacro : allowInline = true : VMs can be defined inline in templates
2017-08-06 09:36:10,644 - Velocimacro : allowInlineToOverride = false : VMs defined inline may NOT replace previous VM definitions
2017-08-06 09:36:10,644 - Velocimacro : allowInlineLocal = false : VMs defined inline will be global in scope if allowed.
2017-08-06 09:36:10,644 - Velocimacro : autoload off : VM system will not automatically reload global library macros
2017-08-06 09:36:10,644 - Velocimacro : Velocimacro : initialization complete.
2017-08-06 09:36:10,644 - RuntimeInstance successfully initialized.
2017-08-06 09:36:10,745 - ResourceManager : found system_config.vm.html with loader org.apache.velocity.runtime.resource.loader.ClasspathResourceLoader
2017-08-06 09:39:44,468 - ResourceManager : found system_configured.vm.html with loader org.apache.velocity.runtime.resource.loader.ClasspathResourceLoader
2017-08-06 09:40:00,673 - ResourceManager : found system_configured.vm.html with loader org.apache.velocity.runtime.resource.loader.ClasspathResourceLoader
